android/BleGpsReceiver/app/build/intermediates/manifest_merge_blame_file/release/processReleaseMainManifest/manifest-merger-blame-release-report.txt
1<?xml version="1.0" encoding="utf-8"?>
2<manifest xmlns:android="http://schemas.android.com/apk/res/android"
3    package="com.example.blegps"
4    android:versionCode="1"
5    android:versionName="1.0" >
6
7    <uses-sdk
8        android:minSdkVersion="29"
9        android:targetSdkVersion="34" />
10
11    <uses-permission android:name="android.permission.ACCESS_FINE_LOCATION" />
11-->src\main\AndroidManifest.xml:4:5-79
11-->src\main\AndroidManifest.xml:4:22-76
12    <uses-permission android:name="android.permission.ACCESS_COARSE_LOCATION" />
12-->src\main\AndroidManifest.xml:5:5-81
12-->src\main\AndroidManifest.xml:5:22-78
13    <uses-permission android:name="android.permission.FOREGROUND_SERVICE" />
13-->src\main\AndroidManifest.xml:6:5-77
13-->src\main\AndroidManifest.xml:6:22-74
14    <uses-permission android:name="android.permission.FOREGROUND_SERVICE_LOCATION" />
14-->src\main\AndroidManifest.xml:7:5-86
14-->src\main\AndroidManifest.xml:7:22-83
15    <uses-permission android:name="android.permission.FOREGROUND_SERVICE_CONNECTED_DEVICE" />
15-->src\main\AndroidManifest.xml:8:5-94
15-->src\main\AndroidManifest.xml:8:22-91
16    <uses-permission android:name="android.permission.FOREGROUND_SERVICE_SPECIAL_USE" />
16-->src\main\AndroidManifest.xml:9:5-89
16-->src\main\AndroidManifest.xml:9:22-86
17    <uses-permission android:name="android.permission.POST_NOTIFICATIONS" />
17-->src\main\AndroidManifest.xml:10:5-77
17-->src\main\AndroidManifest.xml:10:22-74
18    <uses-permission android:name="android.permission.BLUETOOTH" />
18-->src\main\AndroidManifest.xml:11:5-68
18-->src\main\AndroidManifest.xml:11:22-65
19    <uses-permission android:name="android.permission.BLUETOOTH_ADMIN" />
19-->src\main\AndroidManifest.xml:12:5-74
19-->src\main\AndroidManifest.xml:12:22-71
20    <uses-permission android:name="android.permission.BLUETOOTH_SCAN" />
20-->src\main\AndroidManifest.xml:13:5-73
20-->src\main\AndroidManifest.xml:13:22-70
21    <uses-permission android:name="android.permission.BLUETOOTH_CONNECT" />
21-->src\main\AndroidManifest.xml:14:5-76
21-->src\main\AndroidManifest.xml:14:22-73
22    <!-- Include required permissions for Google Maps API to run. -->
23    <uses-permission android:name="android.permission.ACCESS_NETWORK_STATE" />
23-->[com.google.android.gms:play-services-maps:19.0.0] AndroidManifest.xml:23:5-79
23-->[com.google.android.gms:play-services-maps:19.0.0] AndroidManifest.xml:23:22-76
24    <uses-permission android:name="android.permission.INTERNET" />
24-->[com.google.android.gms:play-services-maps:19.0.0] AndroidManifest.xml:24:5-67
24-->[com.google.android.gms:play-services-maps:19.0.0] AndroidManifest.xml:24:22-64
25
26    <uses-feature
26-->[com.google.android.gms:play-services-maps:19.0.0] AndroidManifest.xml:26:5-28:35
27        android:glEsVersion="0x00020000"
27-->[com.google.android.gms:play-services-maps:19.0.0] AndroidManifest.xml:27:9-41
28        android:required="true" />
28-->[com.google.android.gms:play-services-maps:19.0.0] AndroidManifest.xml:28:9-32
29
30    <queries>
30-->[com.google.android.gms:play-services-maps:19.0.0] AndroidManifest.xml:30:5-34:15
31
32        <!-- Needs to be explicitly declared on Android R+ -->
33        <package android:name="com.google.android.apps.maps" />
33-->[com.google.android.gms:play-services-maps:19.0.0] AndroidManifest.xml:33:9-64
33-->[com.google.android.gms:play-services-maps:19.0.0] AndroidManifest.xml:33:18-61
34    </queries>
35
36    <permission
36-->[androidx.core:core:1.13.1] AndroidManifest.xml:22:5-24:47
37        android:name="com.example.blegps.DYNAMIC_RECEIVER_NOT_EXPORTED_PERMISSION"
37-->[androidx.core:core:1.13.1] AndroidManifest.xml:23:9-81
38        android:protectionLevel="signature" />
38-->[androidx.core:core:1.13.1] AndroidManifest.xml:24:9-44
39
40    <uses-permission android:name="com.example.blegps.DYNAMIC_RECEIVER_NOT_EXPORTED_PERMISSION" />
40-->[androidx.core:core:1.13.1] AndroidManifest.xml:26:5-97
40-->[androidx.core:core:1.13.1] AndroidManifest.xml:26:22-94
41
42    <application
42-->src\main\AndroidManifest.xml:16:5-40:19
43        android:allowBackup="true"
43-->src\main\AndroidManifest.xml:17:9-35
44        android:appComponentFactory="androidx.core.app.CoreComponentFactory"
44-->[androidx.core:core:1.13.1] AndroidManifest.xml:28:18-86
45        android:extractNativeLibs="false"
46        android:label="BLE GPS Receiver"
46-->src\main\AndroidManifest.xml:18:9-41
47        android:theme="@android:style/Theme.Material.Light.NoActionBar" >
47-->src\main\AndroidManifest.xml:19:9-72
48        <activity
48-->src\main\AndroidManifest.xml:21:9-28:20
49            android:name="com.example.blegps.ui.MainActivity"
49-->src\main\AndroidManifest.xml:22:13-44
50            android:exported="true" >
50-->src\main\AndroidManifest.xml:23:13-36
51            <intent-filter>
51-->src\main\AndroidManifest.xml:24:13-27:29
52                <action android:name="android.intent.action.MAIN" />
52-->src\main\AndroidManifest.xml:25:17-69
52-->src\main\AndroidManifest.xml:25:25-66
53
54                <category android:name="android.intent.category.LAUNCHER" />
54-->src\main\AndroidManifest.xml:26:17-77
54-->src\main\AndroidManifest.xml:26:27-74
55            </intent-filter>
56        </activity>
57
58        <service
58-->src\main\AndroidManifest.xml:30:9-39:19
59            android:name="com.example.blegps.ble.BleReceiverService"
59-->src\main\AndroidManifest.xml:31:13-51
60            android:enabled="true"
60-->src\main\AndroidManifest.xml:32:13-35
61            android:exported="false"
61-->src\main\AndroidManifest.xml:33:13-37
62            android:foregroundServiceType="location|connectedDevice|specialUse" >
62-->src\main\AndroidManifest.xml:34:13-80
63            <property
63-->src\main\AndroidManifest.xml:36:13-38:60
64                android:name="android.app.PROPERTY_SPECIAL_USE_FGS_TYPE"
64-->src\main\AndroidManifest.xml:37:17-73
65                android:value="BLE GPS Receiver service" />
65-->src\main\AndroidManifest.xml:38:17-57
66        </service>
67        <!-- Needs to be explicitly declared on P+ -->
68        <uses-library
68-->[com.google.android.gms:play-services-maps:19.0.0] AndroidManifest.xml:39:9-41:40
69            android:name="org.apache.http.legacy"
69-->[com.google.android.gms:play-services-maps:19.0.0] AndroidManifest.xml:40:13-50
70            android:required="false" />
70-->[com.google.android.gms:play-services-maps:19.0.0] AndroidManifest.xml:41:13-37
71
72        <activity
72-->[com.google.android.gms:play-services-base:18.5.0] AndroidManifest.xml:5:9-173
73            android:name="com.google.android.gms.common.api.GoogleApiActivity"
73-->[com.google.android.gms:play-services-base:18.5.0] AndroidManifest.xml:5:19-85
74            android:exported="false"
74-->[com.google.android.gms:play-services-base:18.5.0] AndroidManifest.xml:5:146-170
75            android:theme="@android:style/Theme.Translucent.NoTitleBar" />
75-->[com.google.android.gms:play-services-base:18.5.0] AndroidManifest.xml:5:86-145
76
77        <meta-data
77-->[com.google.android.gms:play-services-basement:18.4.0] AndroidManifest.xml:6:9-122
78            android:name="com.google.android.gms.version"
78-->[com.google.android.gms:play-services-basement:18.4.0] AndroidManifest.xml:6:20-65
79            android:value="@integer/google_play_services_version" />
79-->[com.google.android.gms:play-services-basement:18.4.0] AndroidManifest.xml:6:66-119
80
81        <provider
81-->[androidx.emoji2:emoji2:1.3.0] AndroidManifest.xml:24:9-32:20
82            android:name="androidx.startup.InitializationProvider"
82-->[androidx.emoji2:emoji2:1.3.0] AndroidManifest.xml:25:13-67
83            android:authorities="com.example.blegps.androidx-startup"
83-->[androidx.emoji2:emoji2:1.3.0] AndroidManifest.xml:26:13-68
84            android:exported="false" >
84-->[androidx.emoji2:emoji2:1.3.0] AndroidManifest.xml:27:13-37
85            <meta-data
85-->[androidx.emoji2:emoji2:1.3.0] AndroidManifest.xml:29:13-31:52
86                android:name="androidx.emoji2.text.EmojiCompatInitializer"
86-->[androidx.emoji2:emoji2:1.3.0] AndroidManifest.xml:30:17-75
87                android:value="androidx.startup" />
87-->[androidx.emoji2:emoji2:1.3.0] AndroidManifest.xml:31:17-49
88            <meta-data
88-->[androidx.lifecycle:lifecycle-process:2.8.3] AndroidManifest.xml:29:13-31:52
89                android:name="androidx.lifecycle.ProcessLifecycleInitializer"
89-->[androidx.lifecycle:lifecycle-process:2.8.3] AndroidManifest.xml:30:17-78
90                android:value="androidx.startup" />
90-->[androidx.lifecycle:lifecycle-process:2.8.3] AndroidManifest.xml:31:17-49
91            <meta-data
91-->[androidx.profileinstaller:profileinstaller:1.3.1] AndroidManifest.xml:29:13-31:52
92                android:name="androidx.profileinstaller.ProfileInstallerInitializer"
92-->[androidx.profileinstaller:profileinstaller:1.3.1] AndroidManifest.xml:30:17-85
93                android:value="androidx.startup" />
93-->[androidx.profileinstaller:profileinstaller:1.3.1] AndroidManifest.xml:31:17-49
94        </provider>
95
96        <receiver
96-->[androidx.profileinstaller:profileinstaller:1.3.1] AndroidManifest.xml:34:9-52:20
97            android:name="androidx.profileinstaller.ProfileInstallReceiver"
97-->[androidx.profileinstaller:profileinstaller:1.3.1] AndroidManifest.xml:35:13-76
98            android:directBootAware="false"
98-->[androidx.profileinstaller:profileinstaller:1.3.1] AndroidManifest.xml:36:13-44
99            android:enabled="true"
99-->[androidx.profileinstaller:profileinstaller:1.3.1] AndroidManifest.xml:37:13-35
100            android:exported="true"
100-->[androidx.profileinstaller:profileinstaller:1.3.1] AndroidManifest.xml:38:13-36
101            android:permission="android.permission.DUMP" >
101-->[androidx.profileinstaller:profileinstaller:1.3.1] AndroidManifest.xml:39:13-57
102            <intent-filter>
102-->[androidx.profileinstaller:profileinstaller:1.3.1] AndroidManifest.xml:40:13-42:29
103                <action android:name="androidx.profileinstaller.action.INSTALL_PROFILE" />
103-->[androidx.profileinstaller:profileinstaller:1.3.1] AndroidManifest.xml:41:17-91
103-->[androidx.profileinstaller:profileinstaller:1.3.1] AndroidManifest.xml:41:25-88
104            </intent-filter>
105            <intent-filter>
105-->[androidx.profileinstaller:profileinstaller:1.3.1] AndroidManifest.xml:43:13-45:29
106                <action android:name="androidx.profileinstaller.action.SKIP_FILE" />
106-->[androidx.profileinstaller:profileinstaller:1.3.1] AndroidManifest.xml:44:17-85
106-->[androidx.profileinstaller:profileinstaller:1.3.1] AndroidManifest.xml:44:25-82
107            </intent-filter>
108            <intent-filter>
108-->[androidx.profileinstaller:profileinstaller:1.3.1] AndroidManifest.xml:46:13-48:29
109                <action android:name="androidx.profileinstaller.action.SAVE_PROFILE" />
109-->[androidx.profileinstaller:profileinstaller:1.3.1] AndroidManifest.xml:47:17-88
109-->[androidx.profileinstaller:profileinstaller:1.3.1] AndroidManifest.xml:47:25-85
110            </intent-filter>
111            <intent-filter>
111-->[androidx.profileinstaller:profileinstaller:1.3.1] AndroidManifest.xml:49:13-51:29
112                <action android:name="androidx.profileinstaller.action.BENCHMARK_OPERATION" />
112-->[androidx.profileinstaller:profileinstaller:1.3.1] AndroidManifest.xml:50:17-95
112-->[androidx.profileinstaller:profileinstaller:1.3.1] AndroidManifest.xml:50:25-92
113            </intent-filter>
114        </receiver>
115    </application>
116
117</manifest>